	id	res_num	aa	acc
0	1	5	 	112
1	2	6	 	1
2	3	7	 	37
3	4	8	 	0
4	5	9	 	98
5	6	0	 	3
6	7	1	 	0
7	8	2	 	0
8	9	3	 	0
9	0	4	 	2
10	1	5	 	55
11	2	6	 	38
12	3	7	 	78
13	4	8	 	3
14	5	9	 	12
15	6	0	 	11
16	7	1	 	15
17	8	2	 	16
18	9	3	 	1
19	0	4	 	5
20	1	5	 	39
21	2	6	 	37
22	3	7	 	10
23	4	8	 	39
24	5	9	 	72
25	6	0	 	119
26	7	1	 	95
27	8	2	 	54
28	9	3	 	38
29	0	4	 	136
30	1	5	 	153
31	2	6	 	90
32	3	7	 	138
33	4	8	 	81
34	5	9	 	23
35	6	0	 	125
36	7	1	 	9
37	8	2	 	20
38	9	3	 	35
39	0	4	 	91
40	1	5	 	58
41	2	6	 	64
42	3	7	 	59
43	4	8	 	158
44	5	9	 	25
45	6	0	 	100
46	7	1	 	34
47	8	2	 	141
48	9	3	 	129
49	0	4	 	53
50	1	5	 	42
51	2	6	 	1
52	3	7	 	50
53	4	8	 	1
54	5	9	 	40
55	6	0	 	0
56	7	1	 	94
57	8	2	 	3
58	9	3	 	5
59	0	4	 	10
60	1	5	 	20
61	2	6	 	49
62	3	7	 	152
63	4	8	 	200
64	5	9	 	42
65	6	0	 	39
66	7	1	 	108
67	8	2	 	56
68	9	3	 	6
69	0	4	 	52
70	1	5	 	109
71	2	6	 	36
72	3	7	 	8
73	4	8	 	133
74	5	9	 	90
75	6	0	 	4
76	7	1	 	69
77	8	2	 	0
78	9	3	 	0
79	0	4	 	0
80	1	5	 	0
81	2	6	 	0
82	3	7	 	0
83	4	8	 	3
84	5	9	 	0
85	6	0	 	15
86	7	1	 	98
87	8	2	 	54
88	9	3	 	119
89	0	4	 	4
90	1	5	 	16
91	2	6	 	93
92	3	7	 	64
93	4	8	 	1
94	5	9	 	95
95	6	0	 	113
96	7	1	 	32
97	8	2	 	0
98	9	3	 	118
99	0	4	 	68
100	1	5	 	1
101	2	6	 	83
102	3	7	 	107
103	4	8	 	120
104	5	9	 	5
105	6	0	 	35
106	7	1	 	156
107	8	2	 	132
108	9	3	 	23
109	0	4	 	37
110	1	5	 	7
111	2	6	 	0
112	3	7	 	0
113	4	8	 	0
114	5	9	 	0
115	6	0	 	4
116	7	1	 	45
117	8	2	 	16
118	9	3	 	33
119	0	4	 	75
120	1	5	 	46
121	2	6	 	167
122	3	7	 	173
123	4	8	 	81
124	5	9	 	24
125	6	0	 	136
126	7	1	 	104
127	8	2	 	108
128	9	3	 	8
129	0	4	 	38
130	1	5	 	92
131	2	6	 	128
132	3	7	 	70
133	4	8	 	0
134	5	9	 	82
135	6	0	 	101
136	7	1	 	6
137	8	2	 	4
138	9	3	 	154
139	0	4	 	123
140	1	5	 	79
141	2	6	 	66
142	3	7	 	17
143	4	8	 	33
144	5	9	 	32
145	6	0	 	38
146	7	1	 	6
147	8	2	 	0
148	9	3	 	0
149	0	4	 	3
150	1	5	 	100
151	2	6	 	86
152	3	7	 	22
153	4	8	 	96
154	5	9	 	55
155	6	0	 	1
156	7	1	 	93
157	8	2	 	86
158	9	3	 	0
159	0	4	 	0
160	1	5	 	52
161	2	6	 	12
162	3	7	 	0
163	4	8	 	2
164	5	9	 	138
165	6	0	 	131
166	7	1	 	21
167	8	2	 	118
168	9	3	 	47
169	0	4	 	179
